2024-04-29 22:21:54.031 [main] ERROR org.example.Main - Connection failed. Error: com.microsoft.sqlserver.jdbc.SQLServerDriver
2024-04-29 22:22:44.674 [main] INFO  org.example.Main - Connected to the database.
2024-04-29 22:27:29.746 [main] INFO  org.example.Main - Connected to the database.
2024-04-29 22:29:58.332 [main] INFO  org.example.Main - Connected to the database.
2024-04-30 20:47:43.269 [main] INFO  org.example.Main - Connected to the database.
2024-04-30 20:48:19.876 [main] INFO  org.example.Main - Connected to the database.
2024-04-30 20:49:54.101 [main] INFO  org.example.Main - Connected to the database.
2024-04-30 20:53:16.262 [main] INFO  org.example.Main - Connected to the database.
2024-04-30 20:57:58.380 [main] INFO  org.example.Main - Connected to the database.
2024-04-30 21:01:32.099 [main] INFO  org.example.Main - Connected to the database.
2024-04-30 21:03:29.417 [main] INFO  org.example.Main - Connected to the database.
2024-04-30 21:06:38.436 [main] INFO  org.example.Main - Connected to the database.
2024-04-30 21:12:57.544 [main] INFO  org.example.Main - Connected to the database.
2024-04-30 21:34:10.389 [main] INFO  org.example.Main - Connected to the database.
2024-04-30 21:43:55.047 [main] INFO  org.example.Main - Connected to the database.
2024-04-30 21:47:29.241 [main] INFO  org.example.Main - Connected to the database.
2024-04-30 21:58:15.106 [main] INFO  org.example.Main - Connected to the database.
2024-04-30 21:58:26.733 [main] WARN  org.example.Main - Wrong Credentials
2024-04-30 22:08:35.190 [main] INFO  org.example.Main - Connected to the database.
2024-04-30 22:37:10.502 [main] INFO  org.example.Main - Connected to the database.
2024-04-30 22:37:35.887 [main] INFO  org.example.Main - Withdrawn His Applications
2024-04-30 22:38:15.510 [main] INFO  org.example.Main - Connected to the database.
2024-04-30 22:41:05.556 [main] INFO  org.example.Main - Connected to the database.
2024-04-30 22:48:20.820 [main] INFO  org.example.Main - Connected to the database.
2024-04-30 22:49:05.871 [main] INFO  org.example.Main - Connected to the database.
2024-05-01 09:21:29.336 [main] INFO  org.example.Main - Connected to the database.
2024-05-01 09:27:59.830 [main] INFO  org.example.Main - Connected to the database.
2024-05-01 09:28:04.220 [main] WARN  org.example.Main - Invalid input. Please enter a valid choice (1, 2, or 3).
2024-05-01 09:28:11.473 [main] WARN  org.example.Main - Invalid input. Please enter a valid choice (1 or 2).
2024-05-01 09:30:20.654 [main] INFO  org.example.Main - Connected to the database.
2024-05-01 09:31:31.099 [main] INFO  org.example.Main - Connected to the database.
2024-05-01 09:33:54.721 [main] INFO  org.example.Main - Connected to the database.
2024-05-01 09:34:40.630 [main] INFO  org.example.Main - Connected to the database.
2024-05-01 09:45:50.957 [main] INFO  org.example.Main - Connected to the database.
2024-05-01 09:46:01.231 [main] INFO  org.example.dao.UserImp - User Logged In
2024-05-01 09:50:20.437 [main] INFO  org.example.Main - Connected to the database.
2024-05-01 09:50:40.303 [main] INFO  org.example.dao.UserImp - User Logged In
2024-05-01 10:18:14.682 [main] ERROR org.example.Main - Connection failed. Error: com.microsoft.sqlserver.jdbc.SQLServerDriver
2024-05-01 10:22:24.602 [main] ERROR org.example.Main - Connection failed. Error: LAPTOP-3Q51G115\Tejas
2024-05-01 10:24:32.992 [main] ERROR org.example.Main - Connection failed. Error: com.microsoft.sqlserver.jdbc.SQLServerDriver
2024-05-01 10:34:59.827 [main] INFO  org.example.Main - Connected to the database.
2024-05-01 10:42:43.063 [main] INFO  org.example.Main - Connected to the database.
2024-05-01 10:44:17.901 [main] INFO  org.example.Main - Connected to the database.
2024-05-01 14:52:13.691 [main] INFO  org.example.Main - Connected to the database.
2024-05-01 14:54:04.085 [main] INFO  org.example.dao.UserImp - Job Seeker Registered
2024-05-01 14:54:26.775 [main] WARN  org.example.dao.UserImp - Wrong Credentials
2024-05-01 14:54:42.105 [main] WARN  org.example.dao.UserImp - Wrong Credentials
2024-05-01 14:57:18.056 [main] INFO  org.example.Main - Connected to the database.
2024-05-01 14:57:34.581 [main] WARN  org.example.dao.UserImp - Wrong Credentials
2024-05-01 15:04:36.016 [main] INFO  org.example.Main - Connected to the database.
2024-05-01 15:05:02.742 [main] WARN  org.example.dao.UserImp - Wrong Credentials
2024-05-01 15:05:48.260 [main] INFO  org.example.dao.UserImp - User Logged In
2024-05-01 15:06:00.394 [main] INFO  org.example.Main - Connected to the database.
2024-05-01 15:35:29.686 [main] INFO  org.example.Main - Connected to the database.
2024-05-01 15:43:39.723 [main] INFO  org.example.Main - Connected to the database.
2024-05-01 19:13:12.397 [main] INFO  org.example.Main - Connected to the database.
2024-05-01 19:17:07.876 [main] INFO  org.example.Main - Connected to the database.
2024-05-01 19:25:53.255 [main] INFO  org.example.Main - Connected to the database.
2024-05-01 19:31:12.170 [main] INFO  org.example.Main - Connected to the database.
2024-05-01 19:32:07.038 [main] INFO  org.example.dao.UserImp - User Logged In
2024-05-01 19:38:41.111 [main] INFO  org.example.dao.UserImp - Applied For The Job
2024-05-01 19:41:09.094 [main] INFO  org.example.dao.UserImp - Withdrawn His Applications
2024-05-01 19:44:19.732 [main] INFO  org.example.Main - Connected to the database.
2024-05-01 19:46:54.169 [main] INFO  org.example.dao.UserImp - Job Seeker Registered
2024-05-01 19:47:11.614 [main] INFO  org.example.dao.UserImp - User Logged In
2024-05-01 22:27:38.208 [main] INFO  org.example.Main - Connected to the database.
2024-05-01 22:28:35.315 [main] INFO  org.example.dao.UserImp - User Logged In
2024-05-02 00:02:17.528 [main] INFO  org.example.Main - Connected to the database.
2024-05-02 00:23:07.681 [main] INFO  org.example.Main - Connected to the database.
2024-05-02 00:25:39.721 [main] INFO  org.example.Main - Connected to the database.
2024-05-02 00:26:51.026 [main] INFO  org.example.dao.UserImp - User Logged In
2024-05-02 07:18:54.783 [main] INFO  org.example.Main - Connected to the database.
2024-05-02 07:27:12.911 [main] INFO  org.example.Main - Connected to the database.
2024-05-02 07:41:42.914 [main] INFO  org.example.Main - Connected to the database.
2024-05-02 08:03:53.378 [main] INFO  org.example.Main - Connected to the database.
2024-05-02 08:04:51.870 [main] INFO  org.example.dao.UserImp - User Logged In
2024-05-02 08:06:06.678 [main] INFO  org.example.Main - Connected to the database.
2024-05-02 08:06:20.431 [main] INFO  org.example.dao.UserImp - User Logged In
2024-05-02 08:07:45.453 [main] INFO  org.example.dao.UserImp - Applied For The Job
2024-05-02 08:08:04.368 [main] INFO  org.example.dao.UserImp - Withdrawn His Applications
2024-05-02 08:08:42.443 [main] INFO  org.example.Main - Connected to the database.
2024-05-02 08:19:40.286 [main] INFO  org.example.Main - Connected to the database.
2024-05-02 08:21:22.142 [main] WARN  org.example.dao.UserImp - Wrong Credentials
2024-05-02 08:21:49.696 [main] WARN  org.example.dao.UserImp - Wrong Credentials
2024-05-02 08:22:59.074 [main] INFO  org.example.dao.UserImp - User Logged In
